<?xml version="1.0" encoding="UTF-8"?>
<!-- Generated by org.testng.reporters.JUnitReportReporter -->
<testsuite skipped="0" hostname="AIPL-SEZ-LT-168" name="example.Example" tests="1" failures="0" timestamp="04 Oct 2018 11:12:39 GMT" time="26.599" errors="0">
  <testcase name="demo" time="26.599" classname="example.Example"/>
</testsuite> <!-- example.Example -->
